2012/08/22 13:18:10 [error] [system.db.CDbCommand] CDbCommand::fetchAll() failed: SQLSTATE[42000]: Syntax error or access violation: 1064 You have an error in your SQL syntax; check the manual that corresponds to your MySQL server version for the right syntax to use near 'ASC' at line 1. The SQL statement executed was: SELECT * FROM `category` `t` WHERE parent_id=:parent_id ORDER BY ASC.
in /web/maigeqiu/service/models/Category.php (102)
in /web/maigeqiu/service/views/site/index.php (46)
in /web/maigeqiu/service/controllers/SiteController.php (44)
2012/08/22 13:18:10 [error] [exception.CDbException] exception 'CDbException' with message 'CDbCommand failed to execute the SQL statement: SQLSTATE[42000]: Syntax error or access violation: 1064 You have an error in your SQL syntax; check the manual that corresponds to your MySQL server version for the right syntax to use near 'ASC' at line 1. The SQL statement executed was: SELECT * FROM `category` `t` WHERE parent_id=:parent_id ORDER BY ASC' in /web/maigeqiu/framework/db/CDbCommand.php:528
Stack trace:
#0 /web/maigeqiu/framework/db/CDbCommand.php(390): CDbCommand->queryInternal('fetchAll', Array, Array)
#1 /web/maigeqiu/framework/db/ar/CActiveRecord.php(1287): CDbCommand->queryAll()
#2 /web/maigeqiu/framework/db/ar/CActiveRecord.php(1406): CActiveRecord->query(Object(CDbCriteria), true)
#3 /web/maigeqiu/service/models/Category.php(102): CActiveRecord->findAll(Array)
#4 /web/maigeqiu/service/views/site/index.php(46): Category::getCategoryNames('0')
#5 /web/maigeqiu/framework/web/CBaseController.php(127): require('/web/maigeqiu/s...')
#6 /web/maigeqiu/framework/web/CBaseController.php(96): CBaseController->renderInternal('/web/maigeqiu/s...', Array, true)
#7 /web/maigeqiu/framework/web/CController.php(870): CBaseController->renderFile('/web/maigeqiu/s...', Array, true)
#8 /web/maigeqiu/framework/web/CController.php(783): CController->renderPartial('index', Array, true)
#9 /web/maigeqiu/service/controllers/SiteController.php(44): CController->render('index', Array)
#10 /web/maigeqiu/framework/web/actions/CInlineAction.php(50): SiteController->actionIndex()
#11 /web/maigeqiu/framework/web/CController.php(309): CInlineAction->runWithParams(Array)
#12 /web/maigeqiu/framework/web/CController.php(287): CController->runAction(Object(CInlineAction))
#13 /web/maigeqiu/framework/web/CController.php(266): CController->runActionWithFilters(Object(CInlineAction), Array)
#14 /web/maigeqiu/framework/web/CWebApplication.php(276): CController->run('index')
#15 /web/maigeqiu/framework/web/CWebApplication.php(135): CWebApplication->runController('site/index')
#16 /web/maigeqiu/framework/base/CApplication.php(162): CWebApplication->processRequest()
#17 /web/maigeqiu/htdocs/sex/index.php(14): CApplication->run()
#18 {main}
REQUEST_URI=/index.php?r=site/index&cat=1
HTTP_REFERER=http://tb.com/index.php?r=site/index&cat=2
---
